<?xml version="1.0" encoding="UTF-8"?>
<testng-results ignored="0" total="1" passed="1" failed="0" skipped="0">
  <reporter-output>
  </reporter-output>
  <suite started-at="2025-03-23T23:26:36 IST" name="Default suite" finished-at="2025-03-23T23:27:48 IST" duration-ms="71611">
    <groups>
    </groups>
    <test started-at="2025-03-23T23:26:36 IST" name="Default test" finished-at="2025-03-23T23:27:48 IST" duration-ms="71611">
      <class name="fullyautomatedwebsite.SignupTest">
        <test-method is-config="true" signature="setup()[pri:0, instance:fullyautomatedwebsite.SignupTest@5b12b668]" started-at="2025-03-23T23:26:36 IST" name="setup" finished-at="2025-03-23T23:26:55 IST" duration-ms="18822" status="PASS">
          <reporter-output>
          </reporter-output>
        </test-method> <!-- setup -->
        <test-method signature="testSignupProcess()[pri:0, instance:fullyautomatedwebsite.SignupTest@5b12b668]" started-at="2025-03-23T23:26:55 IST" name="testSignupProcess" finished-at="2025-03-23T23:27:43 IST" duration-ms="48410" status="PASS">
          <reporter-output>
          </reporter-output>
        </test-method> <!-- testSignupProcess -->
        <test-method is-config="true" signature="teardown()[pri:0, instance:fullyautomatedwebsite.SignupTest@5b12b668]" started-at="2025-03-23T23:27:43 IST" name="teardown" finished-at="2025-03-23T23:27:48 IST" duration-ms="4311" status="PASS">
          <reporter-output>
          </reporter-output>
        </test-method> <!-- teardown -->
      </class> <!-- fullyautomatedwebsite.SignupTest -->
    </test> <!-- Default test -->
  </suite> <!-- Default suite -->
</testng-results>
